0 info it worked if it ends with ok
1 verbose cli [ '/usr/bin/node', '/usr/bin/npm', 'install', '-g', 'ds4' ]
2 info using npm@3.5.3
3 info using node@v5.4.0
4 silly loadCurrentTree Starting
5 silly install loadCurrentTree
6 silly install readGlobalPackageData
7 silly fetchPackageMetaData ds4
8 silly fetchNamedPackageData ds4
9 silly mapToRegistry name ds4
10 silly mapToRegistry using default registry
11 silly mapToRegistry registry https://registry.npmjs.org/
12 silly mapToRegistry uri https://registry.npmjs.org/ds4
13 verbose request uri https://registry.npmjs.org/ds4
14 verbose request no auth needed
15 info attempt registry request try #1 at 11:34:31 PM
16 verbose request id 61cb754052e0b363
17 verbose etag "ENW23C46T0MPJPBB5YUPC58FI"
18 http request GET https://registry.npmjs.org/ds4
19 http 304 https://registry.npmjs.org/ds4
20 verbose headers { date: 'Sat, 30 Jan 2016 22:34:31 GMT',
20 verbose headers   via: '1.1 varnish',
20 verbose headers   'cache-control': 'max-age=300',
20 verbose headers   etag: '"ENW23C46T0MPJPBB5YUPC58FI"',
20 verbose headers   age: '0',
20 verbose headers   connection: 'keep-alive',
20 verbose headers   'x-served-by': 'cache-lcy1123-LCY',
20 verbose headers   'x-cache': 'MISS',
20 verbose headers   'x-cache-hits': '0',
20 verbose headers   'x-timer': 'S1454193271.740527,VS0,VE167',
20 verbose headers   vary: 'Accept' }
21 silly get cb [ 304,
21 silly get   { date: 'Sat, 30 Jan 2016 22:34:31 GMT',
21 silly get     via: '1.1 varnish',
21 silly get     'cache-control': 'max-age=300',
21 silly get     etag: '"ENW23C46T0MPJPBB5YUPC58FI"',
21 silly get     age: '0',
21 silly get     connection: 'keep-alive',
21 silly get     'x-served-by': 'cache-lcy1123-LCY',
21 silly get     'x-cache': 'MISS',
21 silly get     'x-cache-hits': '0',
21 silly get     'x-timer': 'S1454193271.740527,VS0,VE167',
21 silly get     vary: 'Accept' } ]
22 verbose etag https://registry.npmjs.org/ds4 from cache
23 verbose get saving ds4 to /root/.npm/registry.npmjs.org/ds4/.cache.json
24 silly install normalizeTree
25 silly loadCurrentTree Finishing
26 silly loadIdealTree Starting
27 silly install loadIdealTree
28 silly cloneCurrentTree Starting
29 silly install cloneCurrentTreeToIdealTree
30 silly cloneCurrentTree Finishing
31 silly loadShrinkwrap Starting
32 silly install loadShrinkwrap
33 silly loadShrinkwrap Finishing
34 silly loadAllDepsIntoIdealTree Starting
35 silly install loadAllDepsIntoIdealTree
36 silly resolveWithNewModule ds4@0.3.1 checking installable status
37 silly cache add args [ 'ds4', null ]
38 verbose cache add spec ds4
39 silly cache add parsed spec Result {
39 silly cache add   raw: 'ds4',
39 silly cache add   scope: null,
39 silly cache add   name: 'ds4',
39 silly cache add   rawSpec: '',
39 silly cache add   spec: 'latest',
39 silly cache add   type: 'tag' }
40 silly addNamed ds4@latest
41 verbose addNamed "latest" is being treated as a dist-tag for ds4
42 info addNameTag [ 'ds4', 'latest' ]
43 silly mapToRegistry name ds4
44 silly mapToRegistry using default registry
45 silly mapToRegistry registry https://registry.npmjs.org/
46 silly mapToRegistry uri https://registry.npmjs.org/ds4
47 verbose addNameTag registry:https://registry.npmjs.org/ds4 not in flight; fetching
48 verbose get https://registry.npmjs.org/ds4 not expired, no request
49 silly addNameTag next cb for ds4 with tag latest
50 silly addNamed ds4@0.3.1
51 verbose addNamed "0.3.1" is a plain semver version for ds4
52 silly cache afterAdd ds4@0.3.1
53 verbose afterAdd /root/.npm/ds4/0.3.1/package/package.json not in flight; writing
54 verbose afterAdd /root/.npm/ds4/0.3.1/package/package.json written
55 silly fetchNamedPackageData lodash
56 silly mapToRegistry name lodash
57 silly mapToRegistry using default registry
58 silly mapToRegistry registry https://registry.npmjs.org/
59 silly mapToRegistry uri https://registry.npmjs.org/lodash
60 silly fetchNamedPackageData node-hid
61 silly mapToRegistry name node-hid
62 silly mapToRegistry using default registry
63 silly mapToRegistry registry https://registry.npmjs.org/
64 silly mapToRegistry uri https://registry.npmjs.org/node-hid
65 silly fetchNamedPackageData optimist
66 silly mapToRegistry name optimist
67 silly mapToRegistry using default registry
68 silly mapToRegistry registry https://registry.npmjs.org/
69 silly mapToRegistry uri https://registry.npmjs.org/optimist
70 verbose request uri https://registry.npmjs.org/node-hid
71 verbose request no auth needed
72 info attempt registry request try #1 at 11:34:31 PM
73 verbose etag "6PD7I7DBGDLQBPDLTE2ERM9DB"
74 http request GET https://registry.npmjs.org/node-hid
75 verbose request uri https://registry.npmjs.org/lodash
76 verbose request no auth needed
77 info attempt registry request try #1 at 11:34:31 PM
78 verbose etag "65EC88P88I0XK0NWUB09FTJ1B"
79 http request GET https://registry.npmjs.org/lodash
80 verbose request uri https://registry.npmjs.org/optimist
81 verbose request no auth needed
82 info attempt registry request try #1 at 11:34:32 PM
83 verbose etag "EGJZ5OIEC5WVU3QA6H2WMCXJO"
84 http request GET https://registry.npmjs.org/optimist
85 http 304 https://registry.npmjs.org/lodash
86 verbose headers { date: 'Sat, 30 Jan 2016 22:34:32 GMT',
86 verbose headers   via: '1.1 varnish',
86 verbose headers   'cache-control': 'max-age=300',
86 verbose headers   etag: '"65EC88P88I0XK0NWUB09FTJ1B"',
86 verbose headers   age: '214',
86 verbose headers   connection: 'keep-alive',
86 verbose headers   'x-served-by': 'cache-lcy1121-LCY',
86 verbose headers   'x-cache': 'HIT',
86 verbose headers   'x-cache-hits': '579',
86 verbose headers   'x-timer': 'S1454193272.119589,VS0,VE0',
86 verbose headers   vary: 'Accept' }
87 silly get cb [ 304,
87 silly get   { date: 'Sat, 30 Jan 2016 22:34:32 GMT',
87 silly get     via: '1.1 varnish',
87 silly get     'cache-control': 'max-age=300',
87 silly get     etag: '"65EC88P88I0XK0NWUB09FTJ1B"',
87 silly get     age: '214',
87 silly get     connection: 'keep-alive',
87 silly get     'x-served-by': 'cache-lcy1121-LCY',
87 silly get     'x-cache': 'HIT',
87 silly get     'x-cache-hits': '579',
87 silly get     'x-timer': 'S1454193272.119589,VS0,VE0',
87 silly get     vary: 'Accept' } ]
88 verbose etag https://registry.npmjs.org/lodash from cache
89 verbose get saving lodash to /root/.npm/registry.npmjs.org/lodash/.cache.json
90 silly resolveWithNewModule lodash@2.4.2 checking installable status
91 silly cache add args [ 'lodash@~2.4.0', null ]
92 verbose cache add spec lodash@~2.4.0
93 silly cache add parsed spec Result {
93 silly cache add   raw: 'lodash@~2.4.0',
93 silly cache add   scope: null,
93 silly cache add   name: 'lodash',
93 silly cache add   rawSpec: '~2.4.0',
93 silly cache add   spec: '>=2.4.0 <2.5.0',
93 silly cache add   type: 'range' }
94 silly addNamed lodash@>=2.4.0 <2.5.0
95 verbose addNamed ">=2.4.0 <2.5.0" is a valid semver range for lodash
96 silly addNameRange { name: 'lodash', range: '>=2.4.0 <2.5.0', hasData: false }
97 silly mapToRegistry name lodash
98 silly mapToRegistry using default registry
99 silly mapToRegistry registry https://registry.npmjs.org/
100 silly mapToRegistry uri https://registry.npmjs.org/lodash
101 verbose addNameRange registry:https://registry.npmjs.org/lodash not in flight; fetching
102 http 304 https://registry.npmjs.org/optimist
103 verbose headers { date: 'Sat, 30 Jan 2016 22:34:32 GMT',
103 verbose headers   via: '1.1 varnish',
103 verbose headers   'cache-control': 'max-age=300',
103 verbose headers   etag: '"EGJZ5OIEC5WVU3QA6H2WMCXJO"',
103 verbose headers   age: '46',
103 verbose headers   connection: 'keep-alive',
103 verbose headers   'x-served-by': 'cache-lcy1123-LCY',
103 verbose headers   'x-cache': 'HIT',
103 verbose headers   'x-cache-hits': '1',
103 verbose headers   'x-timer': 'S1454193272.124934,VS0,VE0',
103 verbose headers   vary: 'Accept' }
104 silly get cb [ 304,
104 silly get   { date: 'Sat, 30 Jan 2016 22:34:32 GMT',
104 silly get     via: '1.1 varnish',
104 silly get     'cache-control': 'max-age=300',
104 silly get     etag: '"EGJZ5OIEC5WVU3QA6H2WMCXJO"',
104 silly get     age: '46',
104 silly get     connection: 'keep-alive',
104 silly get     'x-served-by': 'cache-lcy1123-LCY',
104 silly get     'x-cache': 'HIT',
104 silly get     'x-cache-hits': '1',
104 silly get     'x-timer': 'S1454193272.124934,VS0,VE0',
104 silly get     vary: 'Accept' } ]
105 verbose etag https://registry.npmjs.org/optimist from cache
106 verbose get saving optimist to /root/.npm/registry.npmjs.org/optimist/.cache.json
107 verbose get https://registry.npmjs.org/lodash not expired, no request
108 silly addNameRange number 2 { name: 'lodash', range: '>=2.4.0 <2.5.0', hasData: true }
109 silly addNameRange versions [ 'lodash',
109 silly addNameRange   [ '0.1.0',
109 silly addNameRange     '0.2.0',
109 silly addNameRange     '0.2.1',
109 silly addNameRange     '0.2.2',
109 silly addNameRange     '0.3.0',
109 silly addNameRange     '0.3.1',
109 silly addNameRange     '0.3.2',
109 silly addNameRange     '0.4.0',
109 silly addNameRange     '0.4.1',
109 silly addNameRange     '0.4.2',
109 silly addNameRange     '0.5.0-rc.1',
109 silly addNameRange     '0.5.0',
109 silly addNameRange     '0.5.1',
109 silly addNameRange     '0.5.2',
109 silly addNameRange     '0.6.0',
109 silly addNameRange     '0.6.1',
109 silly addNameRange     '0.7.0',
109 silly addNameRange     '0.8.0',
109 silly addNameRange     '0.8.1',
109 silly addNameRange     '0.8.2',
109 silly addNameRange     '0.9.0',
109 silly addNameRange     '0.9.1',
109 silly addNameRange     '0.9.2',
109 silly addNameRange     '0.10.0',
109 silly addNameRange     '1.0.0-rc.1',
109 silly addNameRange     '1.0.0-rc.2',
109 silly addNameRange     '1.0.0-rc.3',
109 silly addNameRange     '1.0.0',
109 silly addNameRange     '1.0.1',
109 silly addNameRange     '1.1.0',
109 silly addNameRange     '1.1.1',
109 silly addNameRange     '1.2.0',
109 silly addNameRange     '1.2.1',
109 silly addNameRange     '1.3.0',
109 silly addNameRange     '1.3.1',
109 silly addNameRange     '2.0.0',
109 silly addNameRange     '2.1.0',
109 silly addNameRange     '2.2.0',
109 silly addNameRange     '2.2.1',
109 silly addNameRange     '2.3.0',
109 silly addNameRange     '2.4.0',
109 silly addNameRange     '2.4.1',
109 silly addNameRange     '3.0.0',
109 silly addNameRange     '3.0.1',
109 silly addNameRange     '3.1.0',
109 silly addNameRange     '3.2.0',
109 silly addNameRange     '3.3.0',
109 silly addNameRange     '3.3.1',
109 silly addNameRange     '3.4.0',
109 silly addNameRange     '3.5.0',
109 silly addNameRange     '3.6.0',
109 silly addNameRange     '1.0.2',
109 silly addNameRange     '3.7.0',
109 silly addNameRange     '2.4.2',
109 silly addNameRange     '3.8.0',
109 silly addNameRange     '3.9.0',
109 silly addNameRange     '3.9.1',
109 silly addNameRange     '3.9.2',
109 silly addNameRange     '3.9.3',
109 silly addNameRange     '3.10.0',
109 silly addNameRange     '3.10.1',
109 silly addNameRange     '4.0.0',
109 silly addNameRange     '4.0.1',
109 silly addNameRange     '4.1.0' ] ]
110 silly addNamed lodash@2.4.2
111 verbose addNamed "2.4.2" is a plain semver version for lodash
112 silly cache afterAdd lodash@2.4.2
113 verbose afterAdd /root/.npm/lodash/2.4.2/package/package.json not in flight; writing
114 silly resolveWithNewModule optimist@0.6.1 checking installable status
115 silly cache add args [ 'optimist@~0.6.0', null ]
116 verbose cache add spec optimist@~0.6.0
117 silly cache add parsed spec Result {
117 silly cache add   raw: 'optimist@~0.6.0',
117 silly cache add   scope: null,
117 silly cache add   name: 'optimist',
117 silly cache add   rawSpec: '~0.6.0',
117 silly cache add   spec: '>=0.6.0 <0.7.0',
117 silly cache add   type: 'range' }
118 silly addNamed optimist@>=0.6.0 <0.7.0
119 verbose addNamed ">=0.6.0 <0.7.0" is a valid semver range for optimist
120 silly addNameRange { name: 'optimist', range: '>=0.6.0 <0.7.0', hasData: false }
121 silly mapToRegistry name optimist
122 silly mapToRegistry using default registry
123 silly mapToRegistry registry https://registry.npmjs.org/
124 silly mapToRegistry uri https://registry.npmjs.org/optimist
125 verbose addNameRange registry:https://registry.npmjs.org/optimist not in flight; fetching
126 verbose get https://registry.npmjs.org/optimist not expired, no request
127 silly addNameRange number 2 { name: 'optimist', range: '>=0.6.0 <0.7.0', hasData: true }
128 silly addNameRange versions [ 'optimist',
128 silly addNameRange   [ '0.0.1',
128 silly addNameRange     '0.0.2',
128 silly addNameRange     '0.0.4',
128 silly addNameRange     '0.0.5',
128 silly addNameRange     '0.0.6',
128 silly addNameRange     '0.0.7',
128 silly addNameRange     '0.1.0',
128 silly addNameRange     '0.1.1',
128 silly addNameRange     '0.1.2',
128 silly addNameRange     '0.1.3',
128 silly addNameRange     '0.1.4',
128 silly addNameRange     '0.1.5',
128 silly addNameRange     '0.1.6',
128 silly addNameRange     '0.1.7',
128 silly addNameRange     '0.1.8',
128 silly addNameRange     '0.1.9',
128 silly addNameRange     '0.0.3',
128 silly addNameRange     '0.2.0',
128 silly addNameRange     '0.2.1',
128 silly addNameRange     '0.2.2',
128 silly addNameRange     '0.2.3',
128 silly addNameRange     '0.2.4',
128 silly addNameRange     '0.2.5',
128 silly addNameRange     '0.2.6',
128 silly addNameRange     '0.2.7',
128 silly addNameRange     '0.2.8',
128 silly addNameRange     '0.3.0',
128 silly addNameRange     '0.3.1',
128 silly addNameRange     '0.3.3',
128 silly addNameRange     '0.3.4',
128 silly addNameRange     '0.3.5',
128 silly addNameRange     '0.3.6',
128 silly addNameRange     '0.3.7',
128 silly addNameRange     '0.4.0',
128 silly addNameRange     '0.5.0',
128 silly addNameRange     '0.5.1',
128 silly addNameRange     '0.5.2',
128 silly addNameRange     '0.6.0',
128 silly addNameRange     '0.6.1' ] ]
129 silly addNamed optimist@0.6.1
130 verbose addNamed "0.6.1" is a plain semver version for optimist
131 verbose afterAdd /root/.npm/lodash/2.4.2/package/package.json written
132 silly cache afterAdd optimist@0.6.1
133 verbose afterAdd /root/.npm/optimist/0.6.1/package/package.json not in flight; writing
134 verbose afterAdd /root/.npm/optimist/0.6.1/package/package.json written
135 http 304 https://registry.npmjs.org/node-hid
136 verbose headers { date: 'Sat, 30 Jan 2016 22:34:32 GMT',
136 verbose headers   via: '1.1 varnish',
136 verbose headers   'cache-control': 'max-age=300',
136 verbose headers   etag: '"6PD7I7DBGDLQBPDLTE2ERM9DB"',
136 verbose headers   age: '0',
136 verbose headers   connection: 'keep-alive',
136 verbose headers   'x-served-by': 'cache-lcy1135-LCY',
136 verbose headers   'x-cache': 'MISS',
136 verbose headers   'x-cache-hits': '0',
136 verbose headers   'x-timer': 'S1454193272.115438,VS0,VE755',
136 verbose headers   vary: 'Accept' }
137 silly get cb [ 304,
137 silly get   { date: 'Sat, 30 Jan 2016 22:34:32 GMT',
137 silly get     via: '1.1 varnish',
137 silly get     'cache-control': 'max-age=300',
137 silly get     etag: '"6PD7I7DBGDLQBPDLTE2ERM9DB"',
137 silly get     age: '0',
137 silly get     connection: 'keep-alive',
137 silly get     'x-served-by': 'cache-lcy1135-LCY',
137 silly get     'x-cache': 'MISS',
137 silly get     'x-cache-hits': '0',
137 silly get     'x-timer': 'S1454193272.115438,VS0,VE755',
137 silly get     vary: 'Accept' } ]
138 verbose etag https://registry.npmjs.org/node-hid from cache
139 verbose get saving node-hid to /root/.npm/registry.npmjs.org/node-hid/.cache.json
140 silly resolveWithNewModule node-hid@0.3.2 checking installable status
141 silly cache add args [ 'node-hid@~0.3.1', null ]
142 verbose cache add spec node-hid@~0.3.1
143 silly cache add parsed spec Result {
143 silly cache add   raw: 'node-hid@~0.3.1',
143 silly cache add   scope: null,
143 silly cache add   name: 'node-hid',
143 silly cache add   rawSpec: '~0.3.1',
143 silly cache add   spec: '>=0.3.1 <0.4.0',
143 silly cache add   type: 'range' }
144 silly addNamed node-hid@>=0.3.1 <0.4.0
145 verbose addNamed ">=0.3.1 <0.4.0" is a valid semver range for node-hid
146 silly addNameRange { name: 'node-hid', range: '>=0.3.1 <0.4.0', hasData: false }
147 silly mapToRegistry name node-hid
148 silly mapToRegistry using default registry
149 silly mapToRegistry registry https://registry.npmjs.org/
150 silly mapToRegistry uri https://registry.npmjs.org/node-hid
151 verbose addNameRange registry:https://registry.npmjs.org/node-hid not in flight; fetching
152 verbose get https://registry.npmjs.org/node-hid not expired, no request
153 silly addNameRange number 2 { name: 'node-hid', range: '>=0.3.1 <0.4.0', hasData: true }
154 silly addNameRange versions [ 'node-hid',
154 silly addNameRange   [ '0.0.13',
154 silly addNameRange     '0.0.14',
154 silly addNameRange     '0.0.15',
154 silly addNameRange     '0.1.0',
154 silly addNameRange     '0.1.1',
154 silly addNameRange     '0.2.0',
154 silly addNameRange     '0.2.1',
154 silly addNameRange     '0.2.2',
154 silly addNameRange     '0.2.3',
154 silly addNameRange     '0.3.1',
154 silly addNameRange     '0.3.2',
154 silly addNameRange     '0.4.0',
154 silly addNameRange     '0.4.1',
154 silly addNameRange     '0.5.0',
154 silly addNameRange     '0.5.1' ] ]
155 silly addNamed node-hid@0.3.2
156 verbose addNamed "0.3.2" is a plain semver version for node-hid
157 silly cache afterAdd node-hid@0.3.2
158 verbose afterAdd /root/.npm/node-hid/0.3.2/package/package.json not in flight; writing
159 verbose afterAdd /root/.npm/node-hid/0.3.2/package/package.json written
160 silly fetchNamedPackageData wordwrap
161 silly mapToRegistry name wordwrap
162 silly mapToRegistry using default registry
163 silly mapToRegistry registry https://registry.npmjs.org/
164 silly mapToRegistry uri https://registry.npmjs.org/wordwrap
165 silly fetchNamedPackageData minimist
166 silly mapToRegistry name minimist
167 silly mapToRegistry using default registry
168 silly mapToRegistry registry https://registry.npmjs.org/
169 silly mapToRegistry uri https://registry.npmjs.org/minimist
170 verbose request uri https://registry.npmjs.org/minimist
171 verbose request no auth needed
172 info attempt registry request try #1 at 11:34:32 PM
173 verbose etag "1H70GX3QEQHJ1CU2CTI99B7YH"
174 http request GET https://registry.npmjs.org/minimist
175 verbose request uri https://registry.npmjs.org/wordwrap
176 verbose request no auth needed
177 info attempt registry request try #1 at 11:34:32 PM
178 verbose etag "73LBTAP4GYYX0WY7YM3IQ89SJ"
179 http request GET https://registry.npmjs.org/wordwrap
180 http 304 https://registry.npmjs.org/minimist
181 verbose headers { date: 'Sat, 30 Jan 2016 22:34:33 GMT',
181 verbose headers   via: '1.1 varnish',
181 verbose headers   'cache-control': 'max-age=300',
181 verbose headers   etag: '"1H70GX3QEQHJ1CU2CTI99B7YH"',
181 verbose headers   age: '243',
181 verbose headers   connection: 'keep-alive',
181 verbose headers   'x-served-by': 'cache-lcy1131-LCY',
181 verbose headers   'x-cache': 'HIT',
181 verbose headers   'x-cache-hits': '6',
181 verbose headers   'x-timer': 'S1454193273.035329,VS0,VE0',
181 verbose headers   vary: 'Accept' }
182 silly get cb [ 304,
182 silly get   { date: 'Sat, 30 Jan 2016 22:34:33 GMT',
182 silly get     via: '1.1 varnish',
182 silly get     'cache-control': 'max-age=300',
182 silly get     etag: '"1H70GX3QEQHJ1CU2CTI99B7YH"',
182 silly get     age: '243',
182 silly get     connection: 'keep-alive',
182 silly get     'x-served-by': 'cache-lcy1131-LCY',
182 silly get     'x-cache': 'HIT',
182 silly get     'x-cache-hits': '6',
182 silly get     'x-timer': 'S1454193273.035329,VS0,VE0',
182 silly get     vary: 'Accept' } ]
183 verbose etag https://registry.npmjs.org/minimist from cache
184 verbose get saving minimist to /root/.npm/registry.npmjs.org/minimist/.cache.json
185 silly resolveWithNewModule minimist@0.0.10 checking installable status
186 silly cache add args [ 'minimist@~0.0.1', null ]
187 verbose cache add spec minimist@~0.0.1
188 silly cache add parsed spec Result {
188 silly cache add   raw: 'minimist@~0.0.1',
188 silly cache add   scope: null,
188 silly cache add   name: 'minimist',
188 silly cache add   rawSpec: '~0.0.1',
188 silly cache add   spec: '>=0.0.1 <0.1.0',
188 silly cache add   type: 'range' }
189 silly addNamed minimist@>=0.0.1 <0.1.0
190 verbose addNamed ">=0.0.1 <0.1.0" is a valid semver range for minimist
191 silly addNameRange { name: 'minimist', range: '>=0.0.1 <0.1.0', hasData: false }
192 silly mapToRegistry name minimist
193 silly mapToRegistry using default registry
194 silly mapToRegistry registry https://registry.npmjs.org/
195 silly mapToRegistry uri https://registry.npmjs.org/minimist
196 verbose addNameRange registry:https://registry.npmjs.org/minimist not in flight; fetching
197 verbose get https://registry.npmjs.org/minimist not expired, no request
198 silly addNameRange number 2 { name: 'minimist', range: '>=0.0.1 <0.1.0', hasData: true }
199 silly addNameRange versions [ 'minimist',
199 silly addNameRange   [ '0.0.0',
199 silly addNameRange     '0.0.1',
199 silly addNameRange     '0.0.2',
199 silly addNameRange     '0.0.3',
199 silly addNameRange     '0.0.4',
199 silly addNameRange     '0.0.5',
199 silly addNameRange     '0.0.6',
199 silly addNameRange     '0.0.7',
199 silly addNameRange     '0.0.8',
199 silly addNameRange     '0.0.9',
199 silly addNameRange     '0.0.10',
199 silly addNameRange     '0.1.0',
199 silly addNameRange     '0.2.0',
199 silly addNameRange     '1.0.0',
199 silly addNameRange     '1.1.0',
199 silly addNameRange     '1.1.1',
199 silly addNameRange     '1.1.2',
199 silly addNameRange     '1.1.3',
199 silly addNameRange     '1.2.0' ] ]
200 silly addNamed minimist@0.0.10
201 verbose addNamed "0.0.10" is a plain semver version for minimist
202 silly cache afterAdd minimist@0.0.10
203 verbose afterAdd /root/.npm/minimist/0.0.10/package/package.json not in flight; writing
204 verbose afterAdd /root/.npm/minimist/0.0.10/package/package.json written
205 http 304 https://registry.npmjs.org/wordwrap
206 verbose headers { date: 'Sat, 30 Jan 2016 22:34:33 GMT',
206 verbose headers   via: '1.1 varnish',
206 verbose headers   'cache-control': 'max-age=300',
206 verbose headers   etag: '"73LBTAP4GYYX0WY7YM3IQ89SJ"',
206 verbose headers   age: '0',
206 verbose headers   connection: 'keep-alive',
206 verbose headers   'x-served-by': 'cache-lcy1132-LCY',
206 verbose headers   'x-cache': 'HIT',
206 verbose headers   'x-cache-hits': '1',
206 verbose headers   'x-timer': 'S1454193273.035125,VS0,VE100',
206 verbose headers   vary: 'Accept' }
207 silly get cb [ 304,
207 silly get   { date: 'Sat, 30 Jan 2016 22:34:33 GMT',
207 silly get     via: '1.1 varnish',
207 silly get     'cache-control': 'max-age=300',
207 silly get     etag: '"73LBTAP4GYYX0WY7YM3IQ89SJ"',
207 silly get     age: '0',
207 silly get     connection: 'keep-alive',
207 silly get     'x-served-by': 'cache-lcy1132-LCY',
207 silly get     'x-cache': 'HIT',
207 silly get     'x-cache-hits': '1',
207 silly get     'x-timer': 'S1454193273.035125,VS0,VE100',
207 silly get     vary: 'Accept' } ]
208 verbose etag https://registry.npmjs.org/wordwrap from cache
209 verbose get saving wordwrap to /root/.npm/registry.npmjs.org/wordwrap/.cache.json
210 silly resolveWithNewModule wordwrap@0.0.3 checking installable status
211 silly cache add args [ 'wordwrap@~0.0.2', null ]
212 verbose cache add spec wordwrap@~0.0.2
213 silly cache add parsed spec Result {
213 silly cache add   raw: 'wordwrap@~0.0.2',
213 silly cache add   scope: null,
213 silly cache add   name: 'wordwrap',
213 silly cache add   rawSpec: '~0.0.2',
213 silly cache add   spec: '>=0.0.2 <0.1.0',
213 silly cache add   type: 'range' }
214 silly addNamed wordwrap@>=0.0.2 <0.1.0
215 verbose addNamed ">=0.0.2 <0.1.0" is a valid semver range for wordwrap
216 silly addNameRange { name: 'wordwrap', range: '>=0.0.2 <0.1.0', hasData: false }
217 silly mapToRegistry name wordwrap
218 silly mapToRegistry using default registry
219 silly mapToRegistry registry https://registry.npmjs.org/
220 silly mapToRegistry uri https://registry.npmjs.org/wordwrap
221 verbose addNameRange registry:https://registry.npmjs.org/wordwrap not in flight; fetching
222 verbose get https://registry.npmjs.org/wordwrap not expired, no request
223 silly addNameRange number 2 { name: 'wordwrap', range: '>=0.0.2 <0.1.0', hasData: true }
224 silly addNameRange versions [ 'wordwrap', [ '0.0.1', '0.0.2', '0.0.3', '1.0.0' ] ]
225 silly addNamed wordwrap@0.0.3
226 verbose addNamed "0.0.3" is a plain semver version for wordwrap
227 silly cache afterAdd wordwrap@0.0.3
228 verbose afterAdd /root/.npm/wordwrap/0.0.3/package/package.json not in flight; writing
229 verbose afterAdd /root/.npm/wordwrap/0.0.3/package/package.json written
230 silly loadAllDepsIntoIdealTree Finishing
231 silly idealTree:prePrune lib
231 silly idealTree:prePrune └─┬ ds4@0.3.1
231 silly idealTree:prePrune   ├── lodash@2.4.2
231 silly idealTree:prePrune   ├── minimist@0.0.10
231 silly idealTree:prePrune   ├── node-hid@0.3.2
231 silly idealTree:prePrune   ├── optimist@0.6.1
231 silly idealTree:prePrune   └── wordwrap@0.0.3
232 silly loadIdealTree Finishing
233 silly currentTree lib
234 silly idealTree lib
234 silly idealTree └─┬ ds4@0.3.1
234 silly idealTree   ├── lodash@2.4.2
234 silly idealTree   ├── minimist@0.0.10
234 silly idealTree   ├── node-hid@0.3.2
234 silly idealTree   ├── optimist@0.6.1
234 silly idealTree   └── wordwrap@0.0.3
235 silly generateActionsToTake Starting
236 silly install generateActionsToTake
237 silly generateActionsToTake Finishing
238 silly diffTrees action count 6
239 silly diffTrees add lodash@2.4.2
240 silly diffTrees add minimist@0.0.10
241 silly diffTrees add node-hid@0.3.2
242 silly diffTrees add wordwrap@0.0.3
243 silly diffTrees add optimist@0.6.1
244 silly diffTrees add ds4@0.3.1
245 silly decomposeActions action count 48
246 silly decomposeActions fetch lodash@2.4.2
247 silly decomposeActions extract lodash@2.4.2
248 silly decomposeActions test lodash@2.4.2
249 silly decomposeActions preinstall lodash@2.4.2
250 silly decomposeActions build lodash@2.4.2
251 silly decomposeActions install lodash@2.4.2
252 silly decomposeActions postinstall lodash@2.4.2
253 silly decomposeActions finalize lodash@2.4.2
254 silly decomposeActions fetch minimist@0.0.10
255 silly decomposeActions extract minimist@0.0.10
256 silly decomposeActions test minimist@0.0.10
257 silly decomposeActions preinstall minimist@0.0.10
258 silly decomposeActions build minimist@0.0.10
259 silly decomposeActions install minimist@0.0.10
260 silly decomposeActions postinstall minimist@0.0.10
261 silly decomposeActions finalize minimist@0.0.10
262 silly decomposeActions fetch node-hid@0.3.2
263 silly decomposeActions extract node-hid@0.3.2
264 silly decomposeActions test node-hid@0.3.2
265 silly decomposeActions preinstall node-hid@0.3.2
266 silly decomposeActions build node-hid@0.3.2
267 silly decomposeActions install node-hid@0.3.2
268 silly decomposeActions postinstall node-hid@0.3.2
269 silly decomposeActions finalize node-hid@0.3.2
270 silly decomposeActions fetch wordwrap@0.0.3
271 silly decomposeActions extract wordwrap@0.0.3
272 silly decomposeActions test wordwrap@0.0.3
273 silly decomposeActions preinstall wordwrap@0.0.3
274 silly decomposeActions build wordwrap@0.0.3
275 silly decomposeActions install wordwrap@0.0.3
276 silly decomposeActions postinstall wordwrap@0.0.3
277 silly decomposeActions finalize wordwrap@0.0.3
278 silly decomposeActions fetch optimist@0.6.1
279 silly decomposeActions extract optimist@0.6.1
280 silly decomposeActions test optimist@0.6.1
281 silly decomposeActions preinstall optimist@0.6.1
282 silly decomposeActions build optimist@0.6.1
283 silly decomposeActions install optimist@0.6.1
284 silly decomposeActions postinstall optimist@0.6.1
285 silly decomposeActions finalize optimist@0.6.1
286 silly decomposeActions fetch ds4@0.3.1
287 silly decomposeActions extract ds4@0.3.1
288 silly decomposeActions test ds4@0.3.1
289 silly decomposeActions preinstall ds4@0.3.1
290 silly decomposeActions build ds4@0.3.1
291 silly decomposeActions install ds4@0.3.1
292 silly decomposeActions postinstall ds4@0.3.1
293 silly decomposeActions finalize ds4@0.3.1
294 silly executeActions Starting
295 silly install executeActions
296 silly doSerial global-install 0
297 silly doParallel fetch 6
298 verbose lock using /root/.npm/_locks/staging-a072192f34a17023.lock for /usr/lib/node_modules/.staging
299 silly doParallel extract 6
300 silly extract lodash@2.4.2
301 silly extract minimist@0.0.10
302 silly extract node-hid@0.3.2
303 silly extract wordwrap@0.0.3
304 silly extract optimist@0.6.1
305 silly extract ds4@0.3.1
306 verbose unbuild lib/node_modules/.staging/lodash-ae85f3d6
307 verbose unbuild lib/node_modules/.staging/node-hid-be76dd25
308 verbose unbuild lib/node_modules/.staging/minimist-98cdda8c
309 verbose unbuild lib/node_modules/.staging/wordwrap-390fe5ca
310 verbose unbuild lib/node_modules/.staging/optimist-651f61b4
311 verbose unbuild lib/node_modules/.staging/ds4-55b547fe
312 silly gentlyRm /usr/lib/node_modules/.staging/lodash-ae85f3d6 is being purged from base /usr
313 verbose gentlyRm don't care about contents; nuking /usr/lib/node_modules/.staging/lodash-ae85f3d6
314 silly gentlyRm /usr/lib/node_modules/.staging/node-hid-be76dd25 is being purged from base /usr
315 verbose gentlyRm don't care about contents; nuking /usr/lib/node_modules/.staging/node-hid-be76dd25
316 silly gentlyRm /usr/lib/node_modules/.staging/minimist-98cdda8c is being purged from base /usr
317 verbose gentlyRm don't care about contents; nuking /usr/lib/node_modules/.staging/minimist-98cdda8c
318 silly gentlyRm /usr/lib/node_modules/.staging/wordwrap-390fe5ca is being purged from base /usr
319 verbose gentlyRm don't care about contents; nuking /usr/lib/node_modules/.staging/wordwrap-390fe5ca
320 silly gentlyRm /usr/lib/node_modules/.staging/optimist-651f61b4 is being purged from base /usr
321 verbose gentlyRm don't care about contents; nuking /usr/lib/node_modules/.staging/optimist-651f61b4
322 verbose tar unpack /root/.npm/lodash/2.4.2/package.tgz
323 verbose tar unpacking to /usr/lib/node_modules/.staging/lodash-ae85f3d6
324 silly gentlyRm /usr/lib/node_modules/.staging/lodash-ae85f3d6 is being purged
325 verbose gentlyRm don't care about contents; nuking /usr/lib/node_modules/.staging/lodash-ae85f3d6
326 verbose tar unpack /root/.npm/node-hid/0.3.2/package.tgz
327 verbose tar unpacking to /usr/lib/node_modules/.staging/node-hid-be76dd25
328 silly gentlyRm /usr/lib/node_modules/.staging/node-hid-be76dd25 is being purged
329 verbose gentlyRm don't care about contents; nuking /usr/lib/node_modules/.staging/node-hid-be76dd25
330 verbose tar unpack /root/.npm/minimist/0.0.10/package.tgz
331 verbose tar unpacking to /usr/lib/node_modules/.staging/minimist-98cdda8c
332 silly gentlyRm /usr/lib/node_modules/.staging/minimist-98cdda8c is being purged
333 verbose gentlyRm don't care about contents; nuking /usr/lib/node_modules/.staging/minimist-98cdda8c
334 verbose tar unpack /root/.npm/wordwrap/0.0.3/package.tgz
335 verbose tar unpacking to /usr/lib/node_modules/.staging/wordwrap-390fe5ca
336 silly gentlyRm /usr/lib/node_modules/.staging/wordwrap-390fe5ca is being purged
337 verbose gentlyRm don't care about contents; nuking /usr/lib/node_modules/.staging/wordwrap-390fe5ca
338 verbose tar unpack /root/.npm/optimist/0.6.1/package.tgz
339 verbose tar unpacking to /usr/lib/node_modules/.staging/optimist-651f61b4
340 silly gentlyRm /usr/lib/node_modules/.staging/optimist-651f61b4 is being purged
341 verbose gentlyRm don't care about contents; nuking /usr/lib/node_modules/.staging/optimist-651f61b4
342 silly gentlyRm /usr/lib/node_modules/.staging/ds4-55b547fe is being purged from base /usr
343 verbose gentlyRm don't care about contents; nuking /usr/lib/node_modules/.staging/ds4-55b547fe
344 silly gunzTarPerm modes [ '755', '644' ]
345 silly gunzTarPerm modes [ '755', '644' ]
346 silly gunzTarPerm modes [ '755', '644' ]
347 silly gunzTarPerm modes [ '755', '644' ]
348 silly gunzTarPerm modes [ '755', '644' ]
349 verbose tar unpack /root/.npm/ds4/0.3.1/package.tgz
350 verbose tar unpacking to /usr/lib/node_modules/.staging/ds4-55b547fe
351 silly gentlyRm /usr/lib/node_modules/.staging/ds4-55b547fe is being purged
352 verbose gentlyRm don't care about contents; nuking /usr/lib/node_modules/.staging/ds4-55b547fe
353 silly gunzTarPerm modes [ '755', '644' ]
354 silly gunzTarPerm extractEntry package.json
355 silly gunzTarPerm extractEntry package.json
356 silly gunzTarPerm extractEntry package.json
357 silly gunzTarPerm extractEntry package.json
358 silly gunzTarPerm extractEntry package.json
359 silly gunzTarPerm extractEntry package.json
360 silly gunzTarPerm extractEntry README.md
361 silly gunzTarPerm extractEntry lodash.js
362 silly gunzTarPerm extractEntry .npmignore
363 silly gunzTarPerm extractEntry README.md
364 silly gunzTarPerm extractEntry LICENSE
365 silly gunzTarPerm extractEntry index.js
366 silly gunzTarPerm extractEntry LICENSE
367 silly gunzTarPerm extractEntry index.js
368 silly gunzTarPerm extractEntry LICENSE
369 silly gunzTarPerm extractEntry index.js
370 silly gunzTarPerm extractEntry .npmignore
371 silly gunzTarPerm extractEntry README.md
372 silly gunzTarPerm extractEntry index.js
373 silly gunzTarPerm extractEntry binding.gyp
374 silly gunzTarPerm extractEntry .travis.yml
375 silly gunzTarPerm extractEntry example/parse.js
376 silly gunzTarPerm extractEntry README.markdown
377 silly gunzTarPerm extractEntry example/center.js
378 silly gunzTarPerm extractEntry .travis.yml
379 silly gunzTarPerm extractEntry example/bool.js
380 silly gunzTarPerm extractEntry LICENSE.txt
381 silly gunzTarPerm extractEntry index.js
382 silly gunzTarPerm extractEntry .jshintrc
383 silly gunzTarPerm extractEntry get-hidapi.sh
384 silly gunzTarPerm extractEntry install.sh
385 silly gunzTarPerm extractEntry dist/lodash.compat.js
386 silly gunzTarPerm extractEntry readme.markdown
387 silly gunzTarPerm extractEntry test/bool.js
388 silly gunzTarPerm extractEntry example/meat.js
389 silly gunzTarPerm extractEntry test/break.js
390 silly gunzTarPerm extractEntry example/default_singles.js
391 silly gunzTarPerm extractEntry example/divide.js
392 silly gunzTarPerm extractEntry example/line_count.js
393 silly gunzTarPerm extractEntry example/default_hash.js
394 silly gunzTarPerm extractEntry example/line_count_wrap.js
395 silly gunzTarPerm extractEntry example/nonopt.js
396 silly gunzTarPerm extractEntry example/reflect.js
397 silly gunzTarPerm extractEntry example/short.js
398 silly gunzTarPerm extractEntry example/string.js
399 silly gunzTarPerm extractEntry example/boolean_single.js
400 silly gunzTarPerm extractEntry example/usage-options.js
401 silly gunzTarPerm extractEntry example/boolean_double.js
402 silly gunzTarPerm extractEntry example/xup.js
403 silly gunzTarPerm extractEntry example/line_count_options.js
404 silly gunzTarPerm extractEntry readme.markdown
405 silly gunzTarPerm extractEntry test/_.js
406 silly gunzTarPerm extractEntry test/dash.js
407 silly gunzTarPerm extractEntry test/parse.js
408 silly gunzTarPerm extractEntry test/parse_modified.js
409 silly gunzTarPerm extractEntry test/short.js
410 silly gunzTarPerm extractEntry test/usage.js
411 silly gunzTarPerm extractEntry test/whitespace.js
412 silly gunzTarPerm extractEntry test/_/argv.js
413 silly gunzTarPerm extractEntry test/_/bin.js
414 silly gunzTarPerm extractEntry bin/ds4-dump.js
415 silly gunzTarPerm extractEntry src/.npmignore
416 silly gunzTarPerm extractEntry test/dash.js
417 silly gunzTarPerm extractEntry test/wrap.js
418 silly gunzTarPerm extractEntry test/idleness.txt
419 silly gunzTarPerm extractEntry dist/lodash.compat.min.js
420 silly gunzTarPerm extractEntry test/default_bool.js
421 silly gunzTarPerm extractEntry test/dotted.js
422 silly gunzTarPerm extractEntry src/buzzers.js
423 silly gunzTarPerm extractEntry src/powermate.js
424 silly gunzTarPerm extractEntry dist/lodash.js
425 silly gunzTarPerm extractEntry src/show-devices.js
426 silly gunzTarPerm extractEntry src/test-buzzers.js
427 silly gunzTarPerm extractEntry test/long.js
428 silly gunzTarPerm extractEntry test/num.js
429 silly gunzTarPerm extractEntry src/test-powermate.js
430 silly gunzTarPerm extractEntry src/test-ps3.js
431 silly gunzTarPerm extractEntry test/parse.js
432 silly gunzTarPerm extractEntry test/parse_modified.js
433 silly gunzTarPerm extractEntry dist/lodash.min.js
434 silly gunzTarPerm extractEntry dist/lodash.underscore.js
435 silly gunzTarPerm extractEntry src/HID.cc
436 silly gunzTarPerm extractEntry src/wscript
437 silly gunzTarPerm extractEntry test/short.js
438 silly gunzTarPerm extractEntry test/whitespace.js
439 silly gunzTarPerm extractEntry dist/lodash.underscore.min.js
440 silly gentlyRm /usr/lib/node_modules/.staging/ds4-55b547fe/node_modules is being purged
441 verbose gentlyRm don't care about contents; nuking /usr/lib/node_modules/.staging/ds4-55b547fe/node_modules
442 silly gentlyRm /usr/lib/node_modules/.staging/wordwrap-390fe5ca/node_modules is being purged
443 verbose gentlyRm don't care about contents; nuking /usr/lib/node_modules/.staging/wordwrap-390fe5ca/node_modules
444 silly gentlyRm /usr/lib/node_modules/.staging/node-hid-be76dd25/node_modules is being purged
445 verbose gentlyRm don't care about contents; nuking /usr/lib/node_modules/.staging/node-hid-be76dd25/node_modules
446 silly gentlyRm /usr/lib/node_modules/.staging/minimist-98cdda8c/node_modules is being purged
447 verbose gentlyRm don't care about contents; nuking /usr/lib/node_modules/.staging/minimist-98cdda8c/node_modules
448 silly gentlyRm /usr/lib/node_modules/.staging/lodash-ae85f3d6/node_modules is being purged
449 verbose gentlyRm don't care about contents; nuking /usr/lib/node_modules/.staging/lodash-ae85f3d6/node_modules
450 silly gentlyRm /usr/lib/node_modules/.staging/optimist-651f61b4/node_modules is being purged
451 verbose gentlyRm don't care about contents; nuking /usr/lib/node_modules/.staging/optimist-651f61b4/node_modules
452 silly doParallel preinstall 6
453 silly preinstall lodash@2.4.2 /usr/lib/node_modules/.staging/lodash-ae85f3d6
454 info lifecycle lodash@2.4.2~preinstall: lodash@2.4.2
455 silly preinstall minimist@0.0.10 /usr/lib/node_modules/.staging/minimist-98cdda8c
456 info lifecycle minimist@0.0.10~preinstall: minimist@0.0.10
457 silly preinstall node-hid@0.3.2 /usr/lib/node_modules/.staging/node-hid-be76dd25
458 info lifecycle node-hid@0.3.2~preinstall: node-hid@0.3.2
459 silly preinstall wordwrap@0.0.3 /usr/lib/node_modules/.staging/wordwrap-390fe5ca
460 info lifecycle wordwrap@0.0.3~preinstall: wordwrap@0.0.3
461 silly preinstall optimist@0.6.1 /usr/lib/node_modules/.staging/optimist-651f61b4
462 info lifecycle optimist@0.6.1~preinstall: optimist@0.6.1
463 silly preinstall ds4@0.3.1 /usr/lib/node_modules/.staging/ds4-55b547fe
464 info lifecycle ds4@0.3.1~preinstall: ds4@0.3.1
465 silly lifecycle lodash@2.4.2~preinstall: no script for preinstall, continuing
466 silly lifecycle minimist@0.0.10~preinstall: no script for preinstall, continuing
467 warn lifecycle node-hid@0.3.2~preinstall: cannot run in wd %s %s (wd=%s) node-hid@0.3.2 sh get-hidapi.sh /usr/lib/node_modules/.staging/node-hid-be76dd25
468 silly lifecycle wordwrap@0.0.3~preinstall: no script for preinstall, continuing
469 silly lifecycle optimist@0.6.1~preinstall: no script for preinstall, continuing
470 silly lifecycle ds4@0.3.1~preinstall: no script for preinstall, continuing
471 silly doReverseSerial remove 0
472 silly doSerial move 0
473 silly doSerial finalize 6
474 silly finalize /usr/lib/node_modules/ds4/node_modules/lodash
475 silly finalize /usr/lib/node_modules/ds4/node_modules/minimist
476 silly finalize /usr/lib/node_modules/ds4/node_modules/node-hid
477 silly finalize /usr/lib/node_modules/ds4/node_modules/wordwrap
478 silly finalize /usr/lib/node_modules/ds4/node_modules/optimist
479 silly finalize /usr/lib/node_modules/ds4
480 silly doSerial build 6
481 silly build lodash@2.4.2
482 info linkStuff lodash@2.4.2
483 silly linkStuff lodash@2.4.2 has /usr/lib/node_modules/ds4/node_modules as its parent node_modules
484 silly linkStuff lodash@2.4.2 is part of a global install
485 silly linkStuff lodash@2.4.2 is installed into a global node_modules
486 verbose linkBins lodash@2.4.2
487 verbose linkMans lodash@2.4.2
488 silly build minimist@0.0.10
489 info linkStuff minimist@0.0.10
490 silly linkStuff minimist@0.0.10 has /usr/lib/node_modules/ds4/node_modules as its parent node_modules
491 silly linkStuff minimist@0.0.10 is part of a global install
492 silly linkStuff minimist@0.0.10 is installed into a global node_modules
493 verbose linkBins minimist@0.0.10
494 verbose linkMans minimist@0.0.10
495 silly build node-hid@0.3.2
496 info linkStuff node-hid@0.3.2
497 silly linkStuff node-hid@0.3.2 has /usr/lib/node_modules/ds4/node_modules as its parent node_modules
498 silly linkStuff node-hid@0.3.2 is part of a global install
499 silly linkStuff node-hid@0.3.2 is installed into a global node_modules
500 verbose linkBins node-hid@0.3.2
501 verbose linkMans node-hid@0.3.2
502 silly build wordwrap@0.0.3
503 info linkStuff wordwrap@0.0.3
504 silly linkStuff wordwrap@0.0.3 has /usr/lib/node_modules/ds4/node_modules as its parent node_modules
505 silly linkStuff wordwrap@0.0.3 is part of a global install
506 silly linkStuff wordwrap@0.0.3 is installed into a global node_modules
507 verbose linkBins wordwrap@0.0.3
508 verbose linkMans wordwrap@0.0.3
509 silly build optimist@0.6.1
510 info linkStuff optimist@0.6.1
511 silly linkStuff optimist@0.6.1 has /usr/lib/node_modules/ds4/node_modules as its parent node_modules
512 silly linkStuff optimist@0.6.1 is part of a global install
513 silly linkStuff optimist@0.6.1 is installed into a global node_modules
514 verbose linkBins optimist@0.6.1
515 verbose linkMans optimist@0.6.1
516 silly build ds4@0.3.1
517 info linkStuff ds4@0.3.1
518 silly linkStuff ds4@0.3.1 has /usr/lib/node_modules as its parent node_modules
519 silly linkStuff ds4@0.3.1 is part of a global install
520 silly linkStuff ds4@0.3.1 is installed into a global node_modules
521 silly linkStuff ds4@0.3.1 is installed into the top-level global node_modules
522 verbose linkBins ds4@0.3.1
523 verbose link bins [ { 'ds4-dump': 'bin/ds4-dump.js' }, '/usr/bin', true ]
524 verbose linkMans ds4@0.3.1
525 silly doSerial global-link 0
526 silly doParallel update-linked 0
527 silly doSerial install 6
528 silly install lodash@2.4.2 /usr/lib/node_modules/.staging/lodash-ae85f3d6
529 info lifecycle lodash@2.4.2~install: lodash@2.4.2
530 silly lifecycle lodash@2.4.2~install: no script for install, continuing
531 silly install minimist@0.0.10 /usr/lib/node_modules/.staging/minimist-98cdda8c
532 info lifecycle minimist@0.0.10~install: minimist@0.0.10
533 silly lifecycle minimist@0.0.10~install: no script for install, continuing
534 silly install node-hid@0.3.2 /usr/lib/node_modules/.staging/node-hid-be76dd25
535 info lifecycle node-hid@0.3.2~install: node-hid@0.3.2
536 verbose lifecycle node-hid@0.3.2~install: unsafe-perm in lifecycle false
537 verbose lifecycle node-hid@0.3.2~install: PATH: /usr/lib/node_modules/npm/bin/node-gyp-bin:/usr/lib/node_modules/ds4/node_modules/node-hid/node_modules/.bin:/usr/lib/node_modules/ds4/node_modules/.bin:/usr/lib/node_modules/.bin:/usr/local/sbin:/usr/local/bin:/usr/bin:/opt/android-sdk/platform-tools:/opt/android-sdk/tools:/usr/lib/jvm/default/bin:/usr/bin/site_perl:/usr/bin/vendor_perl:/usr/bin/core_perl:/home/eni/bin
538 verbose lifecycle node-hid@0.3.2~install: CWD: /usr/lib/node_modules/ds4/node_modules/node-hid
539 silly lifecycle node-hid@0.3.2~install: Args: [ '-c', 'sh install.sh' ]
540 silly lifecycle node-hid@0.3.2~install: Returned: code: 1  signal: null
541 info lifecycle node-hid@0.3.2~install: Failed to exec install script
542 verbose unlock done using /root/.npm/_locks/staging-a072192f34a17023.lock for /usr/lib/node_modules/.staging
543 silly rollbackFailedOptional Starting
544 silly rollbackFailedOptional Finishing
545 silly runTopLevelLifecycles Starting
546 silly runTopLevelLifecycles Finishing
547 silly install printInstalled
548 verbose stack Error: node-hid@0.3.2 install: `sh install.sh`
548 verbose stack Exit status 1
548 verbose stack     at EventEmitter.<anonymous> (/usr/lib/node_modules/npm/lib/utils/lifecycle.js:232:16)
548 verbose stack     at emitTwo (events.js:87:13)
548 verbose stack     at EventEmitter.emit (events.js:172:7)
548 verbose stack     at ChildProcess.<anonymous> (/usr/lib/node_modules/npm/lib/utils/spawn.js:24:14)
548 verbose stack     at emitTwo (events.js:87:13)
548 verbose stack     at ChildProcess.emit (events.js:172:7)
548 verbose stack     at maybeClose (internal/child_process.js:821:16)
548 verbose stack     at Process.ChildProcess._handle.onexit (internal/child_process.js:211:5)
549 verbose pkgid node-hid@0.3.2
550 verbose cwd /home/eni/code/copter/contol
551 error Linux 4.3.3-2-ARCH
552 error argv "/usr/bin/node" "/usr/bin/npm" "install" "-g" "ds4"
553 error node v5.4.0
554 error npm  v3.5.3
555 error code ELIFECYCLE
556 error node-hid@0.3.2 install: `sh install.sh`
556 error Exit status 1
557 error Failed at the node-hid@0.3.2 install script 'sh install.sh'.
557 error Make sure you have the latest version of node.js and npm installed.
557 error If you do, this is most likely a problem with the node-hid package,
557 error not with npm itself.
557 error Tell the author that this fails on your system:
557 error     sh install.sh
557 error You can get information on how to open an issue for this project with:
557 error     npm bugs node-hid
557 error Or if that isn't available, you can get their info via:
557 error     npm owner ls node-hid
557 error There is likely additional logging output above.
558 verbose exit [ 1, true ]
